<?xml version="1.0" encoding="UTF-8"?>
<!-- Generated by org.testng.reporters.JUnitXMLReporter -->
<testsuite hostname="Venkatramanas-MacBook-Air.local" ignored="0" name="Test" tests="1" failures="1" timestamp="24 Dec 2018 16:49:28 GMT" time="0.617" errors="0">
  <testcase name="verifyKindleItems" time="0.448" classname="com.appium.demo.rbc.appiumrbcdemo.tests.ShopByCategoryTestCases">
    <failure type="java.lang.IllegalArgumentException" message="Can not set io.appium.java_client.android.AndroidElement field com.appium.demo.rbc.appiumrbcdemo.pages.SignUpPage.btnSkipSignin to org.openqa.selenium.remote.RemoteWebElement$$EnhancerByCGLIB$$d27c0df4">
      <![CDATA[java.lang.IllegalArgumentException: Can not set io.appium.java_client.android.AndroidElement field com.appium.demo.rbc.appiumrbcdemo.pages.SignUpPage.btnSkipSignin to org.openqa.selenium.remote.RemoteWebElement$$EnhancerByCGLIB$$d27c0df4
at org.openqa.selenium.support.PageFactory.proxyFields(PageFactory.java:117)
at org.openqa.selenium.support.PageFactory.initElements(PageFactory.java:105)
at com.appium.demo.rbc.appiumrbcdemo.core.MobileActionMethods.<init>(MobileActionMethods.java:42)
at com.appium.demo.rbc.appiumrbcdemo.pages.SignUpPage.<init>(SignUpPage.java:29)
at com.appium.demo.rbc.appiumrbcdemo.tests.ShopByCategoryTestCases.verifyKindleItems(ShopByCategoryTestCases.java:120)
... Removed 29 stack frames]]>
    </failure>
  </testcase> <!-- verifyKindleItems -->
</testsuite> <!-- Test -->
